<?xml version="1.0" encoding="UTF-8"?>
<testsuite xmlns:xsi="http://www.w3.org/2001/XMLSchema-instance" xsi:noNamespaceSchemaLocation="https://maven.apache.org/surefire/maven-surefire-plugin/xsd/surefire-test-report-3.0.xsd" version="3.0" name="com.runner.assinador.AssinadorAppTest$ValidacaoParametrosTest" time="0.053" tests="8" errors="0" skipped="0" failures="0">
  <properties>
[...]
</properties>
  <testcase name="deveRejeitarValidacaoSemAssinatura" classname="com.runner.assinador.AssinadorAppTest$ValidacaoParametrosTest" time="0.006"/>
  <testcase name="deveRejeitarOperacaoInvalida" classname="com.runner.assinador.AssinadorAppTest$ValidacaoParametrosTest" time="0.008"/>
  <testcase name="deveRejeitarSemParametros" classname="com.runner.assinador.AssinadorAppTest$ValidacaoParametrosTest" time="0.002"/>
  <testcase name="deveRejeitarSemOperacao" classname="com.runner.assinador.AssinadorAppTest$ValidacaoParametrosTest" time="0.003"/>
  <testcase name="deveAceitarParametrosValidosCriacao" classname="com.runner.assinador.AssinadorAppTest$ValidacaoParametrosTest" time="0.001"/>
  <testcase name="deveRejeitarCriacaoSemCertificado" classname="com.runner.assinador.AssinadorAppTest$ValidacaoParametrosTest" time="0.003"/>
  <testcase name="deveRejeitarDocumentoInvalido" classname="com.runner.assinador.AssinadorAppTest$ValidacaoParametrosTest" time="0.008"/>
  <testcase name="deveAceitarParametrosValidosValidacao" classname="com.runner.assinador.AssinadorAppTest$ValidacaoParametrosTest" time="0.003"/>
</testsuite>